<?xml version="1.0" encoding="UTF-8"?>
<!-- Generated by org.testng.reporters.JUnitReportReporter -->
<testsuite hostname="Soumyansh-PC" name="rough.Abc" tests="2" failures="0" timestamp="28 Jun 2018 17:15:13 GMT" time="0.011" errors="0">
  <testcase name="testCase1" time="0.009" classname="rough.Abc"/>
  <testcase name="testCase2" time="0.002" classname="rough.Abc"/>
</testsuite> <!-- rough.Abc -->
