<?xml version="1.0" encoding="UTF-8"?>
<!-- Generated by org.testng.reporters.JUnitReportReporter -->
<testsuite hostname="Soumyansh-PC" name="rough.Rough" tests="1" failures="0" timestamp="28 Jun 2018 15:34:18 GMT" time="0.017" errors="0">
  <testcase name="Abc" time="0.017" classname="rough.Rough"/>
</testsuite> <!-- rough.Rough -->
