<?xml version="1.0" encoding="UTF-8"?>
<!-- Generated by org.testng.reporters.JUnitReportReporter -->
<testsuite hostname="Soumyansh-PC" name="testcases.LoginTest" tests="1" failures="0" timestamp="30 Jun 2018 06:42:18 GMT" time="44.613" errors="0">
  <testcase name="doLogin" time="44.613" classname="testcases.LoginTest"/>
</testsuite> <!-- testcases.LoginTest -->
