<?xml version="1.0" encoding="UTF-8"?>
<!-- Generated by org.testng.reporters.JUnitReportReporter -->
<testsuite skipped="0" hostname="Soumyansh-PC" name="testcases.CreateAccount" tests="1" failures="0" timestamp="03 Jul 2018 06:25:38 GMT" time="1.755" errors="0">
  <testcase name="CreateAccountTest" time="1.755" classname="testcases.CreateAccount"/>
</testsuite> <!-- testcases.CreateAccount -->
