<?xml version="1.0" encoding="UTF-8"?>
<!-- Generated by org.testng.reporters.JUnitReportReporter -->
<testsuite skipped="0" hostname="Soumyansh-PC" name="testcases.LoginTest" tests="1" failures="0" timestamp="26 Jul 2018 10:25:22 GMT" time="45.120" errors="0">
  <testcase name="doLogin" time="45.120" classname="testcases.LoginTest"/>
</testsuite> <!-- testcases.LoginTest -->
