<?xml version="1.0" encoding="UTF-8"?>
<!-- Generated by org.testng.reporters.JUnitReportReporter -->
<testsuite skipped="0" hostname="Soumyansh-PC" name="testcases.LoginTest" tests="1" failures="0" timestamp="03 Jul 2018 10:54:20 GMT" time="22.108" errors="0">
  <testcase name="doLogin" time="22.108" classname="testcases.LoginTest"/>
</testsuite> <!-- testcases.LoginTest -->
