<?xml version="1.0" encoding="UTF-8"?>
<!-- Generated by org.testng.reporters.JUnitReportReporter -->
<testsuite skipped="0" hostname="Soumyansh-PC" name="testcases.CreateAccount" tests="1" failures="0" timestamp="26 Jul 2018 10:25:22 GMT" time="2.922" errors="0">
  <testcase name="CreateAccountTest" time="2.922" classname="testcases.CreateAccount"/>
</testsuite> <!-- testcases.CreateAccount -->
